<?xml version="1.0" encoding="UTF-8"?>
<!-- Generated by org.testng.reporters.JUnitXMLReporter -->
<testsuite hostname="LAPTOP-CPJMPTA6" ignored="0" name="Processtest" tests="1" failures="1" timestamp="2020-06-17T11:45:37 IST" time="31.269" errors="0">
  <testcase name="@AfterTest tearDown" time="1.283" classname="wipro.automation.processes.MainProcess">
    <failure type="java.lang.AssertionError" message="null">
      <![CDATA[java.lang.AssertionError: null
at wipro.automation.processes.MainProcess.tearDown(MainProcess.java:62)
... Removed 30 stack frames]]>
    </failure>
  </testcase> <!-- @AfterTest tearDown -->
  <testcase name="Process_steps" time="28.728" classname="wipro.automation.processes.MainProcess">
    <failure type="java.lang.AssertionError" message="null">
      <![CDATA[java.lang.AssertionError: null
at wipro.automation.processes.MainProcess.Process_steps(MainProcess.java:52)
at java.util.ArrayList.forEach(ArrayList.java:1257)
... Removed 33 stack frames]]>
    </failure>
  </testcase> <!-- Process_steps -->
</testsuite> <!-- Processtest -->
