<?xml version="1.0" encoding="UTF-8"?>
<!-- Generated by org.testng.reporters.JUnitXMLReporter -->
<testsuite hostname="LAPTOP-CPJMPTA6" ignored="0" name="Processtest" tests="1" failures="1" timestamp="2020-06-16T15:22:31 IST" time="23.706" errors="0">
  <testcase name="@AfterTest tearDown" time="1.028" classname="wipro.automation.processes.MainProcess">
    <failure type="java.lang.AssertionError" message="null">
      <![CDATA[java.lang.AssertionError: null
at wipro.automation.processes.MainProcess.tearDown(MainProcess.java:62)
... Removed 26 stack frames]]>
    </failure>
  </testcase> <!-- @AfterTest tearDown -->
  <testcase name="Process_steps" time="19.825" classname="wipro.automation.processes.MainProcess">
    <failure type="java.lang.AssertionError" message="null">
      <![CDATA[java.lang.AssertionError: null
at wipro.automation.processes.MainProcess.Process_steps(MainProcess.java:52)
at java.util.ArrayList.forEach(ArrayList.java:1257)
... Removed 29 stack frames]]>
    </failure>
  </testcase> <!-- Process_steps -->
</testsuite> <!-- Processtest -->
